  stdafx.cpp
  Demo.cpp
  Generating Code...
Component.lib(Texture.obj) : error LNK2019: unresolved external symbol _SDL_FreeSurface referenced in function "public: bool __thiscall Texture::loadFromFile(class std::basic_string<char,struct std::char_traits<char>,class std::allocator<char> >,struct SDL_Renderer *)" (?loadFromFile@Texture@@QAE_NV?$basic_string@DU?$char_traits@D@std@@V?$allocator@D@2@@std@@PAUSDL_Renderer@@@Z)
Component.lib(Game.obj) : error LNK2001: unresolved external symbol _SDL_FreeSurface
Component.lib(Texture.obj) : error LNK2019: unresolved external symbol _SDL_CreateTexture referenced in function "public: bool __thiscall Texture::loadFromFile(class std::basic_string<char,struct std::char_traits<char>,class std::allocator<char> >,struct SDL_Renderer *)" (?loadFromFile@Texture@@QAE_NV?$basic_string@DU?$char_traits@D@std@@V?$allocator@D@2@@std@@PAUSDL_Renderer@@@Z)
Component.lib(Texture.obj) : error LNK2019: unresolved external symbol _SDL_SetTextureColorMod referenced in function "public: void __thiscall Texture::setColour(unsigned char,unsigned char,unsigned char)" (?setColour@Texture@@QAEXEEE@Z)
Component.lib(Texture.obj) : error LNK2019: unresolved external symbol _SDL_LockTexture referenced in function "public: bool __thiscall Texture::loadFromFile(class std::basic_string<char,struct std::char_traits<char>,class std::allocator<char> >,struct SDL_Renderer *)" (?loadFromFile@Texture@@QAE_NV?$basic_string@DU?$char_traits@D@std@@V?$allocator@D@2@@std@@PAUSDL_Renderer@@@Z)
Component.lib(Texture.obj) : error LNK2019: unresolved external symbol _SDL_UnlockTexture referenced in function "public: bool __thiscall Texture::loadFromFile(class std::basic_string<char,struct std::char_traits<char>,class std::allocator<char> >,struct SDL_Renderer *)" (?loadFromFile@Texture@@QAE_NV?$basic_string@DU?$char_traits@D@std@@V?$allocator@D@2@@std@@PAUSDL_Renderer@@@Z)
Component.lib(Texture.obj) : error LNK2019: unresolved external symbol _IMG_Load referenced in function "public: bool __thiscall Texture::loadFromFile(class std::basic_string<char,struct std::char_traits<char>,class std::allocator<char> >,struct SDL_Renderer *)" (?loadFromFile@Texture@@QAE_NV?$basic_string@DU?$char_traits@D@std@@V?$allocator@D@2@@std@@PAUSDL_Renderer@@@Z)
Component.lib(Game.obj) : error LNK2001: unresolved external symbol _IMG_Load
Component.lib(Growing.obj) : error LNK2019: unresolved external symbol _SDL_FillRect referenced in function "public: void __thiscall Growing::Animation(class Texture *,struct SDL_Surface *,struct SDL_Surface *,struct SDL_Rect *,float *,float *,float *,float *,float *,float *,float,float)" (?Animation@Growing@@QAEXPAVTexture@@PAUSDL_Surface@@1PAUSDL_Rect@@PAM33333MM@Z)
Component.lib(Growing.obj) : error LNK2019: unresolved external symbol _SDL_UpperBlitScaled referenced in function "public: void __thiscall Growing::Animation(class Texture *,struct SDL_Surface *,struct SDL_Surface *,struct SDL_Rect *,float *,float *,float *,float *,float *,float *,float,float)" (?Animation@Growing@@QAEXPAVTexture@@PAUSDL_Surface@@1PAUSDL_Rect@@PAM33333MM@Z)
Component.lib(Growing.obj) : error LNK2019: unresolved external symbol _SDL_GetTicks referenced in function "public: void __thiscall Growing::Animation(class Texture *,struct SDL_Surface *,struct SDL_Surface *,struct SDL_Rect *,float *,float *,float *,float *,float *,float *,float,float)" (?Animation@Growing@@QAEXPAVTexture@@PAUSDL_Surface@@1PAUSDL_Rect@@PAM33333MM@Z)
Component.lib(Game.obj) : error LNK2019: unresolved external symbol _SDL_ConvertSurface referenced in function "public: void __thiscall Game::Load(void)" (?Load@Game@@QAEXXZ)
Component.lib(Game.obj) : error LNK2019: unresolved external symbol _SDL_CreateWindow referenced in function "public: void __thiscall Game::Initialize(void)" (?Initialize@Game@@QAEXXZ)
Component.lib(Game.obj) : error LNK2019: unresolved external symbol _SDL_GetWindowSurface referenced in function "public: void __thiscall Game::Initialize(void)" (?Initialize@Game@@QAEXXZ)
Component.lib(Game.obj) : error LNK2019: unresolved external symbol _SDL_PollEvent referenced in function "public: void __thiscall Game::Update(void)" (?Update@Game@@QAEXXZ)
Component.lib(Game.obj) : error LNK2019: unresolved external symbol _SDL_CreateRenderer referenced in function "public: void __thiscall Game::Initialize(void)" (?Initialize@Game@@QAEXXZ)
Component.lib(Game.obj) : error LNK2019: unresolved external symbol _SDL_UpdateTexture referenced in function "public: void __thiscall Game::Update(void)" (?Update@Game@@QAEXXZ)
Component.lib(Game.obj) : error LNK2019: unresolved external symbol _SDL_SetRenderDrawColor referenced in function "public: void __thiscall Game::Render(void)" (?Render@Game@@QAEXXZ)
Component.lib(Game.obj) : error LNK2019: unresolved external symbol _SDL_RenderClear referenced in function "public: void __thiscall Game::Render(void)" (?Render@Game@@QAEXXZ)
Component.lib(Game.obj) : error LNK2019: unresolved external symbol _SDL_RenderCopyEx referenced in function "public: void __thiscall Game::Render(void)" (?Render@Game@@QAEXXZ)
Component.lib(Game.obj) : error LNK2019: unresolved external symbol _SDL_RenderPresent referenced in function "public: void __thiscall Game::Render(void)" (?Render@Game@@QAEXXZ)
Component.lib(Game.obj) : error LNK2019: unresolved external symbol _SDL_Init referenced in function "public: void __thiscall Game::Initialize(void)" (?Initialize@Game@@QAEXXZ)
Component.lib(Main.obj) : error LNK2019: unresolved external symbol _SDL_Quit referenced in function _main
D:\DemoAttempt\EndOfLevel\EndOfLevel\Debug\Demo.exe : fatal error LNK1120: 21 unresolved externals
