  Bloom.cpp
d:\component\upload11\endoflevel\endoflevel\endoflevel\bloom.cpp(5): warning C4305: '=': truncation from 'double' to 'float'
d:\component\upload11\endoflevel\endoflevel\endoflevel\bloom.cpp(20): warning C4244: 'initializing': conversion from 'int' to 'float', possible loss of data
d:\component\upload11\endoflevel\endoflevel\endoflevel\bloom.cpp(23): warning C4244: 'initializing': conversion from 'float' to 'unsigned int', possible loss of data
d:\component\upload11\endoflevel\endoflevel\endoflevel\bloom.cpp(32): warning C4244: '=': conversion from 'double' to 'float', possible loss of data
d:\component\upload11\endoflevel\endoflevel\endoflevel\bloom.cpp(40): warning C4244: '/=': conversion from 'double' to 'float', possible loss of data
d:\component\upload11\endoflevel\endoflevel\endoflevel\bloom.cpp(42): warning C4244: 'initializing': conversion from 'float' to 'unsigned int', possible loss of data
d:\component\upload11\endoflevel\endoflevel\endoflevel\bloom.cpp(109): warning C4244: '=': conversion from 'float' to 'Uint8', possible loss of data
d:\component\upload11\endoflevel\endoflevel\endoflevel\bloom.cpp(110): warning C4244: '=': conversion from 'float' to 'Uint8', possible loss of data
d:\component\upload11\endoflevel\endoflevel\endoflevel\bloom.cpp(111): warning C4244: '=': conversion from 'float' to 'Uint8', possible loss of data
d:\component\upload11\endoflevel\endoflevel\endoflevel\bloom.cpp(112): warning C4244: '=': conversion from 'float' to 'Uint8', possible loss of data
d:\component\upload11\endoflevel\endoflevel\endoflevel\bloom.cpp(145): warning C4244: '=': conversion from 'float' to 'Uint8', possible loss of data
d:\component\upload11\endoflevel\endoflevel\endoflevel\bloom.cpp(146): warning C4244: '=': conversion from 'float' to 'Uint8', possible loss of data
d:\component\upload11\endoflevel\endoflevel\endoflevel\bloom.cpp(147): warning C4244: '=': conversion from 'float' to 'Uint8', possible loss of data
d:\component\upload11\endoflevel\endoflevel\endoflevel\bloom.cpp(148): warning C4244: '=': conversion from 'float' to 'Uint8', possible loss of data
d:\component\upload11\endoflevel\endoflevel\endoflevel\bloom.cpp(198): warning C4244: '=': conversion from 'float' to 'Uint8', possible loss of data
d:\component\upload11\endoflevel\endoflevel\endoflevel\bloom.cpp(199): warning C4244: '=': conversion from 'float' to 'Uint8', possible loss of data
d:\component\upload11\endoflevel\endoflevel\endoflevel\bloom.cpp(200): warning C4244: '=': conversion from 'float' to 'Uint8', possible loss of data
d:\component\upload11\endoflevel\endoflevel\endoflevel\bloom.cpp(247): warning C4244: '=': conversion from 'Uint32' to 'float', possible loss of data
d:\component\upload11\endoflevel\endoflevel\endoflevel\bloom.cpp(248): warning C4244: '=': conversion from 'Uint32' to 'float', possible loss of data
d:\component\upload11\endoflevel\endoflevel\endoflevel\bloom.cpp(249): warning C4244: '=': conversion from 'Uint32' to 'float', possible loss of data
d:\component\upload11\endoflevel\endoflevel\endoflevel\bloom.cpp(250): warning C4244: '=': conversion from 'Uint32' to 'float', possible loss of data
d:\component\upload11\endoflevel\endoflevel\endoflevel\bloom.cpp(252): warning C4305: 'initializing': truncation from 'double' to 'float'
d:\component\upload11\endoflevel\endoflevel\endoflevel\bloom.cpp(254): warning C4244: '=': conversion from 'int' to 'float', possible loss of data
d:\component\upload11\endoflevel\endoflevel\endoflevel\bloom.cpp(255): warning C4244: '=': conversion from 'int' to 'float', possible loss of data
d:\component\upload11\endoflevel\endoflevel\endoflevel\bloom.cpp(256): warning C4244: '=': conversion from 'int' to 'float', possible loss of data
d:\component\upload11\endoflevel\endoflevel\endoflevel\bloom.cpp(257): warning C4244: '=': conversion from 'int' to 'float', possible loss of data
  EndOfLevel.vcxproj -> D:\Component\Upload11\EndOfLevel\EndOfLevel\Debug\EndOfLevel.exe
  EndOfLevel.vcxproj -> D:\Component\Upload11\EndOfLevel\EndOfLevel\Debug\EndOfLevel.pdb (Partial PDB)
