d:\component\upload5\endoflevel\endoflevel\endoflevel\debug\vc141.pdb
d:\component\upload5\endoflevel\endoflevel\endoflevel\debug\vc141.idb
d:\component\upload5\endoflevel\endoflevel\endoflevel\debug\bloom.obj
d:\component\upload5\endoflevel\endoflevel\endoflevel\debug\effectshandler.obj
d:\component\upload5\endoflevel\endoflevel\endoflevel\debug\game.obj
d:\component\upload5\endoflevel\endoflevel\endoflevel\debug\growing.obj
d:\component\upload5\endoflevel\endoflevel\endoflevel\debug\ltimer.obj
d:\component\upload5\endoflevel\endoflevel\endoflevel\debug\main.obj
d:\component\upload5\endoflevel\endoflevel\endoflevel\debug\texture.obj
d:\component\upload6\endoflevel\endoflevel\endoflevel\debug\vc141.pdb
d:\component\upload6\endoflevel\endoflevel\endoflevel\debug\vc141.idb
d:\component\upload6\endoflevel\endoflevel\endoflevel\debug\bloom.obj
d:\component\upload6\endoflevel\endoflevel\endoflevel\debug\effectshandler.obj
d:\component\upload6\endoflevel\endoflevel\endoflevel\debug\game.obj
d:\component\upload6\endoflevel\endoflevel\endoflevel\debug\growing.obj
d:\component\upload6\endoflevel\endoflevel\endoflevel\debug\ltimer.obj
d:\component\upload6\endoflevel\endoflevel\endoflevel\debug\main.obj
d:\component\upload6\endoflevel\endoflevel\endoflevel\debug\texture.obj
d:\component\upload8\endoflevel\endoflevel\endoflevel\debug\vc141.pdb
d:\component\upload8\endoflevel\endoflevel\endoflevel\debug\vc141.idb
d:\component\upload8\endoflevel\endoflevel\endoflevel\debug\bloom.obj
d:\component\upload8\endoflevel\endoflevel\endoflevel\debug\effectshandler.obj
d:\component\upload8\endoflevel\endoflevel\endoflevel\debug\game.obj
d:\component\upload8\endoflevel\endoflevel\endoflevel\debug\growing.obj
d:\component\upload8\endoflevel\endoflevel\endoflevel\debug\ltimer.obj
d:\component\upload8\endoflevel\endoflevel\endoflevel\debug\main.obj
d:\component\upload8\endoflevel\endoflevel\endoflevel\debug\texture.obj
d:\component\upload5\endoflevel\endoflevel\debug\endoflevel.exe
d:\component\upload5\endoflevel\endoflevel\debug\endoflevel.ilk
d:\component\upload5\endoflevel\endoflevel\debug\endoflevel.pdb
d:\component\upload6\endoflevel\endoflevel\debug\endoflevel.exe
d:\component\upload6\endoflevel\endoflevel\debug\endoflevel.ilk
d:\component\upload6\endoflevel\endoflevel\debug\endoflevel.pdb
d:\component\upload8\endoflevel\endoflevel\debug\endoflevel.exe
d:\component\upload8\endoflevel\endoflevel\debug\endoflevel.ilk
d:\component\upload8\endoflevel\endoflevel\debug\endoflevel.pdb
d:\component\upload8\endoflevel\endoflevel\endoflevel\debug\endoflevel.tlog\cl.command.1.tlog
d:\component\upload8\endoflevel\endoflevel\endoflevel\debug\endoflevel.tlog\cl.read.1.tlog
d:\component\upload8\endoflevel\endoflevel\endoflevel\debug\endoflevel.tlog\cl.write.1.tlog
d:\component\upload8\endoflevel\endoflevel\endoflevel\debug\endoflevel.tlog\link.command.1.tlog
d:\component\upload8\endoflevel\endoflevel\endoflevel\debug\endoflevel.tlog\link.read.1.tlog
d:\component\upload8\endoflevel\endoflevel\endoflevel\debug\endoflevel.tlog\link.write.1.tlog
